13:49:55 INFO  : Registering command handlers for SDK TCF services
13:49:56 INFO  : Launching XSCT server: xsct.bat -interactive C:\Projects\04-23-test\project_3\temp_xsdb_launch_script.tcl
13:50:01 INFO  : XSCT server has started successfully.
13:50:03 INFO  : Successfully done setting XSCT server connection channel  
13:50:03 INFO  : Successfully done setting SDK workspace  
16:57:20 INFO  : Registering command handlers for SDK TCF services
16:57:21 INFO  : Launching XSCT server: xsct.bat -interactive C:\Projects\04-23-test\project_3\temp_xsdb_launch_script.tcl
16:57:26 INFO  : XSCT server has started successfully.
16:57:26 INFO  : Successfully done setting XSCT server connection channel  
16:57:28 INFO  : Successfully done setting SDK workspace  
16:57:28 INFO  : Processing command line option -hwspec C:/Projects/04-23-test/project_3.
16:57:28 ERROR : Error occurred while creating hardware platform project_3_hw_platform_0 from sysdef
java.io.FileNotFoundException: C:\Projects\04-23-test\project_3 (Access is denied)
	at java.io.FileInputStream.open0(Native Method)
	at java.io.FileInputStream.open(FileInputStream.java:195)
	at java.io.FileInputStream.<init>(FileInputStream.java:138)
	at java.io.FileInputStream.<init>(FileInputStream.java:93)
	at com.xilinx.sdk.hw.internal.HwProjectCreator.createHwProjectFromZip(HwProjectCreator.java:100)
	at com.xilinx.sdk.hw.HwProjectUtil.internalCreate(HwProjectUtil.java:266)
	at com.xilinx.sdk.hw.HwProjectUtil.makeNewHardwareProject(HwProjectUtil.java:210)
	at com.xilinx.sdk.hw.HwProjectUtil.makeNewHardwareProject(HwProjectUtil.java:197)
	at com.xilinx.sdk.hw.HwProjectUtil.makeNewHardwareProject(HwProjectUtil.java:171)
	at com.xilinx.sdk.startup.InitSDK.processHwSpecArgumentTask(InitSDK.java:515)
	at com.xilinx.sdk.startup.InitSDK.access$8(InitSDK.java:497)
	at com.xilinx.sdk.startup.InitSDK$12.run(InitSDK.java:448)
	at org.eclipse.core.internal.jobs.Worker.run(Worker.java:55)
16:57:28 ERROR : Unable to create Hardware Specification Project with specification file: C:/Projects/04-23-test/project_3
