#-----------------------------------------------------------
# Vivado v2018.1 (64-bit)
# SW Build 2188600 on Wed Apr  4 18:40:38 MDT 2018
# IP Build 2185939 on Wed Apr  4 20:55:05 MDT 2018
# Start of session at: Tue May 29 11:44:37 2018
# Process ID: 1860
# Current directory: C:/Projects/04-23-test/project_3
# Command line: vivado.exe -gui_launcher_event rodinguilauncherevent9372 C:\Projects\04-23-test\project_3\project_3.xpr
# Log file: C:/Projects/04-23-test/project_3/vivado.log
# Journal file: C:/Projects/04-23-test/project_3\vivado.jou
#-----------------------------------------------------------
start_gui
open_project C:/Projects/04-23-test/project_3/project_3.xpr
Scanning sources...
Finished scanning sources
INFO: [IP_Flow 19-234] Refreshing IP repositories
INFO: [IP_Flow 19-1704] No user IP repositories specified
INFO: [IP_Flow 19-2313] Loaded Vivado IP repository 'C:/Xilinx/Vivado/2018.1/data/ip'.
open_project: Time (s): cpu = 00:00:20 ; elapsed = 00:00:16 . Memory (MB): peak = 1008.281 ; gain = 258.938
open_hw
connect_hw_server
INFO: [Labtools 27-2285] Connecting to hw_server url TCP:localhost:3121
INFO: [Labtools 27-2222] Launching hw_server...
INFO: [Labtools 27-2221] Launch Output:

****** Xilinx hw_server v2018.1
  **** Build date : Apr  4 2018-19:32:53
    ** Copyright 1986-2018 Xilinx, Inc. All Rights Reserved.


connect_hw_server: Time (s): cpu = 00:00:02 ; elapsed = 00:00:11 . Memory (MB): peak = 1052.035 ; gain = 3.746
open_hw_target
INFO: [Labtoolstcl 44-466] Opening hw_target localhost:3121/xilinx_tcf/Digilent/210203A25A2AA
set_property PROGRAM.FILE {C:/Projects/04-23-test/project_3/project_3.runs/impl_2/design_1_wrapper.bit} [get_hw_devices xc7vx485t_0]
set_property PROBES.FILE {C:/Projects/04-23-test/project_3/project_3.runs/impl_2/design_1_wrapper.ltx} [get_hw_devices xc7vx485t_0]
set_property FULL_PROBES.FILE {C:/Projects/04-23-test/project_3/project_3.runs/impl_2/design_1_wrapper.ltx} [get_hw_devices xc7vx485t_0]
current_hw_device [get_hw_devices xc7vx485t_0]
refresh_hw_device [lindex [get_hw_devices xc7vx485t_0] 0]
ERROR: [Xicom 50-38] xicom: Device:0, user chain number:1, slave index:0. Reading intermittently wrong data from core. Try slower target speed. Make sure design meets timing requirements.
ERROR: [Xicom 50-38] xicom: Device:0, user chain number:1, slave index:0, is not a valid CseXsdb Slave core.
ERROR: [Labtools 27-3176] hw_server failed during internal command.
Resolution: Check that the hw_server is running and the hardware connectivity to the target
update_compile_order -fileset sources_1
exit
INFO: [Common 17-206] Exiting Vivado at Tue May 29 11:45:57 2018...
