#-----------------------------------------------------------
# Webtalk v2018.1 (64-bit)
# SW Build 2188600 on Wed Apr  4 18:40:38 MDT 2018
# 
# Start of session at: Fri Apr 27 15:01:58 2018
# Process ID: 4452
# Current directory: C:/Projects/04-23-test/project_3/project_3.sdk/webtalk
# Command line: wbtcv.exe -mode batch -source sdk_webtalk.tcl
# Log file: C:/Projects/04-23-test/project_3/project_3.sdk/webtalk/webtalk.log
# Journal file: C:/Projects/04-23-test/project_3/project_3.sdk/webtalk\webtalk.jou
#-----------------------------------------------------------
source sdk_webtalk.tcl
# webtalk_init -webtalk_dir C:\\Projects\\04-23-test\\project_3\\project_3.sdk\\webtalk
# webtalk_register_client -client project
# webtalk_add_data -client project -key date_generated -value "2018-04-27 15:01:54" -context "software_version_and_target_device"
# webtalk_add_data -client project -key product_version -value "SDK v2018.1" -context "software_version_and_target_device"
# webtalk_add_data -client project -key build_version -value "2018.1" -context "software_version_and_target_device"
# webtalk_add_data -client project -key os_platform -value "amd64" -context "software_version_and_target_device"
# webtalk_add_data -client project -key registration_id -value "174129051_174129052_210673365_428" -context "software_version_and_target_device"
# webtalk_add_data -client project -key tool_flow -value "SDK" -context "software_version_and_target_device"
# webtalk_add_data -client project -key beta -value "false" -context "software_version_and_target_device"
# webtalk_add_data -client project -key route_design -value "NA" -context "software_version_and_target_device"
# webtalk_add_data -client project -key target_family -value "NA" -context "software_version_and_target_device"
# webtalk_add_data -client project -key target_device -value "NA" -context "software_version_and_target_device"
# webtalk_add_data -client project -key target_package -value "NA" -context "software_version_and_target_device"
# webtalk_add_data -client project -key target_speed -value "NA" -context "software_version_and_target_device"
# webtalk_add_data -client project -key random_id -value "sorromfalvksj5ji1cpetk25uc" -context "software_version_and_target_device"
# webtalk_add_data -client project -key project_id -value "2018.1_2" -context "software_version_and_target_device"
# webtalk_add_data -client project -key project_iteration -value "2" -context "software_version_and_target_device"
# webtalk_add_data -client project -key os_name -value "Microsoft Windows 8 or later , 64-bit" -context "user_environment"
# webtalk_add_data -client project -key os_release -value "major release  (build 9200)" -context "user_environment"
# webtalk_add_data -client project -key cpu_name -value "Intel(R) Core(TM) i7-7700 CPU @ 3.60GHz" -context "user_environment"
# webtalk_add_data -client project -key cpu_speed -value "3600 MHz" -context "user_environment"
# webtalk_add_data -client project -key total_processors -value "1" -context "user_environment"
# webtalk_add_data -client project -key system_ram -value "17.066 GB" -context "user_environment"
# webtalk_register_client -client sdk
# webtalk_add_data -client sdk -key uid -value "1524855873868" -context "sdk\\\\hardware/1524855873868"
# webtalk_add_data -client sdk -key isZynq -value "false" -context "sdk\\\\hardware/1524855873868"
# webtalk_add_data -client sdk -key isZynqMP -value "false" -context "sdk\\\\hardware/1524855873868"
# webtalk_add_data -client sdk -key Processors -value "1" -context "sdk\\\\hardware/1524855873868"
# webtalk_add_data -client sdk -key VivadoVersion -value "2018.1" -context "sdk\\\\hardware/1524855873868"
# webtalk_add_data -client sdk -key Arch -value "virtex7" -context "sdk\\\\hardware/1524855873868"
# webtalk_add_data -client sdk -key Device -value "7vx485t" -context "sdk\\\\hardware/1524855873868"
# webtalk_add_data -client sdk -key IsHandoff -value "true" -context "sdk\\\\hardware/1524855873868"
# webtalk_add_data -client sdk -key os -value "NA" -context "sdk\\\\hardware/1524855873868"
# webtalk_add_data -client sdk -key apptemplate -value "NA" -context "sdk\\\\hardware/1524855873868"
# webtalk_add_data -client sdk -key RecordType -value "HWCreation" -context "sdk\\\\hardware/1524855873868"
# webtalk_add_data -client sdk -key uid -value "1524855986504" -context "sdk\\\\bsp/1524855986504"
# webtalk_add_data -client sdk -key hwid -value "1524855873868" -context "sdk\\\\bsp/1524855986504"
# webtalk_add_data -client sdk -key os -value "standalone" -context "sdk\\\\bsp/1524855986504"
# webtalk_add_data -client sdk -key apptemplate -value "null" -context "sdk\\\\bsp/1524855986504"
# webtalk_add_data -client sdk -key RecordType -value "BSPCreation" -context "sdk\\\\bsp/1524855986504"
# webtalk_add_data -client sdk -key uid -value "1524859169194" -context "sdk\\\\bsp/1524859169194"
# webtalk_add_data -client sdk -key hwid -value "1524855873868" -context "sdk\\\\bsp/1524859169194"
# webtalk_add_data -client sdk -key os -value "standalone" -context "sdk\\\\bsp/1524859169194"
# webtalk_add_data -client sdk -key apptemplate -value "hello_world" -context "sdk\\\\bsp/1524859169194"
# webtalk_add_data -client sdk -key RecordType -value "BSPCreation" -context "sdk\\\\bsp/1524859169194"
# webtalk_add_data -client sdk -key uid -value "1524859173169" -context "sdk\\\\application/1524859173169"
# webtalk_add_data -client sdk -key hwid -value "1524855873868" -context "sdk\\\\application/1524859173169"
# webtalk_add_data -client sdk -key bspid -value "1524859169194" -context "sdk\\\\application/1524859173169"
# webtalk_add_data -client sdk -key newbsp -value "true" -context "sdk\\\\application/1524859173169"
# webtalk_add_data -client sdk -key os -value "standalone" -context "sdk\\\\application/1524859173169"
# webtalk_add_data -client sdk -key apptemplate -value "hello_world" -context "sdk\\\\application/1524859173169"
# webtalk_add_data -client sdk -key RecordType -value "APPCreation" -context "sdk\\\\application/1524859173169"
# webtalk_add_data -client sdk -key LangUsed -value "C" -context "sdk\\\\application/1524859173169"
# webtalk_add_data -client sdk -key Procused -value "microblaze" -context "sdk\\\\application/1524859173169"
# webtalk_add_data -client sdk -key projSize -value "85.96484375" -context "sdk\\\\application/1524859173169"
# webtalk_add_data -client sdk -key uid -value "NA" -context "sdk\\\\bsp/1524859314190"
# webtalk_add_data -client sdk -key RecordType -value "ToolUsage" -context "sdk\\\\bsp/1524859314190"
# webtalk_add_data -client sdk -key BootgenCount -value "0" -context "sdk\\\\bsp/1524859314190"
# webtalk_add_data -client sdk -key DebugCount -value "18" -context "sdk\\\\bsp/1524859314190"
# webtalk_add_data -client sdk -key PerfCount -value "0" -context "sdk\\\\bsp/1524859314190"
# webtalk_add_data -client sdk -key FlashCount -value "0" -context "sdk\\\\bsp/1524859314190"
# webtalk_add_data -client sdk -key CrossTriggCount -value "0" -context "sdk\\\\bsp/1524859314190"
# webtalk_add_data -client sdk -key QemuDebugCount -value "0" -context "sdk\\\\bsp/1524859314190"
# webtalk_transmit -clientid 3140238470 -regid "174129051_174129052_210673365_428" -xml C:\\Projects\\04-23-test\\project_3\\project_3.sdk\\webtalk\\usage_statistics_ext_sdk.xml -html C:\\Projects\\04-23-test\\project_3\\project_3.sdk\\webtalk\\usage_statistics_ext_sdk.html -wdm C:\\Projects\\04-23-test\\project_3\\project_3.sdk\\webtalk\\sdk_webtalk.wdm -intro "<H3>SDK Usage Report</H3><BR>"
INFO: [Common 17-186] 'C:\Projects\04-23-test\project_3\project_3.sdk\webtalk\usage_statistics_ext_sdk.xml' has been successfully sent to Xilinx on Fri Apr 27 15:02:02 2018. For additional details about this file, please refer to the WebTalk help file at C:/Xilinx/SDK/2018.1/doc/webtalk_introduction.html.
# webtalk_terminate
INFO: [Common 17-206] Exiting Webtalk at Fri Apr 27 15:02:02 2018...
